{"__type":"$$EventMessageAudit","id":"4a7dc4d5-2d7c-4f75-863b-8ec80eff68bc","ts":"2025-04-13T14:03:42.329-04:00","eventName":"n8n.audit.workflow.updated","message":"n8n.audit.workflow.updated","payload":{"userId":"50ecd661-bf68-4edd-9638-827720050128","_email":"frferrari@itba.edu.ar","_firstName":"Franco","_lastName":"Ferrari","globalRole":"global:owner","workflowId":"fAhkGDXMDHnpaHKt","workflowName":"Guardar en google sheets"}}
{"__type":"$$EventMessageConfirm","confirm":"4a7dc4d5-2d7c-4f75-863b-8ec80eff68bc","ts":"2025-04-13T14:03:42.330-04:00","source":{"id":"0","name":"eventBus"}}
{"__type":"$$EventMessageAudit","id":"6ae421ae-cb9a-4101-997f-ebaad4697ac9","ts":"2025-04-13T14:08:06.679-04:00","eventName":"n8n.audit.user.credentials.updated","message":"n8n.audit.user.credentials.updated","payload":{"userId":"50ecd661-bf68-4edd-9638-827720050128","_email":"frferrari@itba.edu.ar","_firstName":"Franco","_lastName":"Ferrari","globalRole":"global:owner","credentialType":"googleSheetsOAuth2Api","credentialId":"If2Z8nrf0T418hhS"}}
{"__type":"$$EventMessageConfirm","confirm":"6ae421ae-cb9a-4101-997f-ebaad4697ac9","ts":"2025-04-13T14:08:06.680-04:00","source":{"id":"0","name":"eventBus"}}
{"__type":"$$EventMessageWorkflow","id":"98b77253-5328-4eab-a108-d59288dc5a26","ts":"2025-04-13T14:10:31.717-04:00","eventName":"n8n.workflow.started","message":"n8n.workflow.started","payload":{"executionId":"31","workflowId":"fAhkGDXMDHnpaHKt","isManual":false,"workflowName":"Guardar en google sheets"}}
{"__type":"$$EventMessageConfirm","confirm":"98b77253-5328-4eab-a108-d59288dc5a26","ts":"2025-04-13T14:10:31.717-04:00","source":{"id":"0","name":"eventBus"}}
{"__type":"$$EventMessageNode","id":"8a5d9fa9-f9c4-4b00-8c24-b7c2d1411915","ts":"2025-04-13T14:10:31.719-04:00","eventName":"n8n.node.started","message":"n8n.node.started","payload":{"workflowId":"fAhkGDXMDHnpaHKt","workflowName":"Guardar en google sheets","executionId":"31","nodeType":"n8n-nodes-base.webhook","nodeName":"Webhook"}}
{"__type":"$$EventMessageConfirm","confirm":"8a5d9fa9-f9c4-4b00-8c24-b7c2d1411915","ts":"2025-04-13T14:10:31.719-04:00","source":{"id":"0","name":"eventBus"}}
{"__type":"$$EventMessageNode","id":"fb5e6ce3-17ca-4438-b256-ab771c0ad209","ts":"2025-04-13T14:10:31.720-04:00","eventName":"n8n.node.finished","message":"n8n.node.finished","payload":{"workflowId":"fAhkGDXMDHnpaHKt","workflowName":"Guardar en google sheets","executionId":"31","nodeType":"n8n-nodes-base.webhook","nodeName":"Webhook"}}
{"__type":"$$EventMessageConfirm","confirm":"fb5e6ce3-17ca-4438-b256-ab771c0ad209","ts":"2025-04-13T14:10:31.720-04:00","source":{"id":"0","name":"eventBus"}}
{"__type":"$$EventMessageWorkflow","id":"6a124dd8-e5c3-4c37-83cb-e98fc1fa52db","ts":"2025-04-13T14:10:31.726-04:00","eventName":"n8n.workflow.success","message":"n8n.workflow.success","payload":{"executionId":"31","success":true,"isManual":true,"workflowId":"fAhkGDXMDHnpaHKt","workflowName":"Guardar en google sheets"}}
{"__type":"$$EventMessageConfirm","confirm":"6a124dd8-e5c3-4c37-83cb-e98fc1fa52db","ts":"2025-04-13T14:10:31.726-04:00","source":{"id":"0","name":"eventBus"}}
{"__type":"$$EventMessageWorkflow","id":"b1391199-62ee-4ae9-a6cd-1c96844edda8","ts":"2025-04-13T14:12:33.682-04:00","eventName":"n8n.workflow.started","message":"n8n.workflow.started","payload":{"executionId":"32","workflowId":"fAhkGDXMDHnpaHKt","isManual":false,"workflowName":"Guardar en google sheets"}}
{"__type":"$$EventMessageConfirm","confirm":"b1391199-62ee-4ae9-a6cd-1c96844edda8","ts":"2025-04-13T14:12:33.682-04:00","source":{"id":"0","name":"eventBus"}}
{"__type":"$$EventMessageNode","id":"2bc39292-1378-422f-9d03-52aebd6ba4ae","ts":"2025-04-13T14:12:33.682-04:00","eventName":"n8n.node.started","message":"n8n.node.started","payload":{"workflowId":"fAhkGDXMDHnpaHKt","workflowName":"Guardar en google sheets","executionId":"32","nodeType":"n8n-nodes-base.webhook","nodeName":"Webhook"}}
{"__type":"$$EventMessageConfirm","confirm":"2bc39292-1378-422f-9d03-52aebd6ba4ae","ts":"2025-04-13T14:12:33.682-04:00","source":{"id":"0","name":"eventBus"}}
{"__type":"$$EventMessageNode","id":"2d1cd525-5f2d-4869-a19b-bbf7304cc33d","ts":"2025-04-13T14:12:33.683-04:00","eventName":"n8n.node.finished","message":"n8n.node.finished","payload":{"workflowId":"fAhkGDXMDHnpaHKt","workflowName":"Guardar en google sheets","executionId":"32","nodeType":"n8n-nodes-base.webhook","nodeName":"Webhook"}}
{"__type":"$$EventMessageConfirm","confirm":"2d1cd525-5f2d-4869-a19b-bbf7304cc33d","ts":"2025-04-13T14:12:33.683-04:00","source":{"id":"0","name":"eventBus"}}
{"__type":"$$EventMessageNode","id":"6c17c7d4-fb24-46ed-b65d-47b7d5f8881e","ts":"2025-04-13T14:12:33.684-04:00","eventName":"n8n.node.started","message":"n8n.node.started","payload":{"workflowId":"fAhkGDXMDHnpaHKt","workflowName":"Guardar en google sheets","executionId":"32","nodeType":"n8n-nodes-base.googleSheets","nodeName":"Google Sheets"}}
{"__type":"$$EventMessageConfirm","confirm":"6c17c7d4-fb24-46ed-b65d-47b7d5f8881e","ts":"2025-04-13T14:12:33.684-04:00","source":{"id":"0","name":"eventBus"}}
{"__type":"$$EventMessageNode","id":"e1d68ae1-ecd2-4352-8e1c-a508bce503ad","ts":"2025-04-13T14:12:35.767-04:00","eventName":"n8n.node.finished","message":"n8n.node.finished","payload":{"workflowId":"fAhkGDXMDHnpaHKt","workflowName":"Guardar en google sheets","executionId":"32","nodeType":"n8n-nodes-base.googleSheets","nodeName":"Google Sheets"}}
{"__type":"$$EventMessageConfirm","confirm":"e1d68ae1-ecd2-4352-8e1c-a508bce503ad","ts":"2025-04-13T14:12:35.768-04:00","source":{"id":"0","name":"eventBus"}}
{"__type":"$$EventMessageWorkflow","id":"1967265a-b19b-4780-8834-207e606911db","ts":"2025-04-13T14:12:35.769-04:00","eventName":"n8n.workflow.success","message":"n8n.workflow.success","payload":{"executionId":"32","success":true,"isManual":true,"workflowId":"fAhkGDXMDHnpaHKt","workflowName":"Guardar en google sheets"}}
{"__type":"$$EventMessageConfirm","confirm":"1967265a-b19b-4780-8834-207e606911db","ts":"2025-04-13T14:12:35.769-04:00","source":{"id":"0","name":"eventBus"}}
{"__type":"$$EventMessageWorkflow","id":"dee37a9c-1d93-4de5-a9aa-48d3ba486cf2","ts":"2025-04-13T14:13:25.061-04:00","eventName":"n8n.workflow.started","message":"n8n.workflow.started","payload":{"executionId":"33","workflowId":"fAhkGDXMDHnpaHKt","isManual":false,"workflowName":"Guardar en google sheets"}}
{"__type":"$$EventMessageConfirm","confirm":"dee37a9c-1d93-4de5-a9aa-48d3ba486cf2","ts":"2025-04-13T14:13:25.061-04:00","source":{"id":"0","name":"eventBus"}}
{"__type":"$$EventMessageNode","id":"a1bc2145-af53-4e6c-bae1-e6c2687381fd","ts":"2025-04-13T14:13:25.062-04:00","eventName":"n8n.node.started","message":"n8n.node.started","payload":{"workflowId":"fAhkGDXMDHnpaHKt","workflowName":"Guardar en google sheets","executionId":"33","nodeType":"n8n-nodes-base.webhook","nodeName":"Webhook"}}
{"__type":"$$EventMessageConfirm","confirm":"a1bc2145-af53-4e6c-bae1-e6c2687381fd","ts":"2025-04-13T14:13:25.062-04:00","source":{"id":"0","name":"eventBus"}}
{"__type":"$$EventMessageNode","id":"6c133df1-a719-4c1a-990f-150e6c12a10d","ts":"2025-04-13T14:13:25.062-04:00","eventName":"n8n.node.finished","message":"n8n.node.finished","payload":{"workflowId":"fAhkGDXMDHnpaHKt","workflowName":"Guardar en google sheets","executionId":"33","nodeType":"n8n-nodes-base.webhook","nodeName":"Webhook"}}
{"__type":"$$EventMessageConfirm","confirm":"6c133df1-a719-4c1a-990f-150e6c12a10d","ts":"2025-04-13T14:13:25.062-04:00","source":{"id":"0","name":"eventBus"}}
{"__type":"$$EventMessageNode","id":"92d0c9c5-cd59-4a6d-958a-567f958c43c0","ts":"2025-04-13T14:13:25.063-04:00","eventName":"n8n.node.started","message":"n8n.node.started","payload":{"workflowId":"fAhkGDXMDHnpaHKt","workflowName":"Guardar en google sheets","executionId":"33","nodeType":"n8n-nodes-base.googleSheets","nodeName":"Google Sheets"}}
{"__type":"$$EventMessageConfirm","confirm":"92d0c9c5-cd59-4a6d-958a-567f958c43c0","ts":"2025-04-13T14:13:25.063-04:00","source":{"id":"0","name":"eventBus"}}
{"__type":"$$EventMessageNode","id":"fa62a4b9-7ec4-497e-9562-894130393f76","ts":"2025-04-13T14:13:26.914-04:00","eventName":"n8n.node.finished","message":"n8n.node.finished","payload":{"workflowId":"fAhkGDXMDHnpaHKt","workflowName":"Guardar en google sheets","executionId":"33","nodeType":"n8n-nodes-base.googleSheets","nodeName":"Google Sheets"}}
{"__type":"$$EventMessageConfirm","confirm":"fa62a4b9-7ec4-497e-9562-894130393f76","ts":"2025-04-13T14:13:26.914-04:00","source":{"id":"0","name":"eventBus"}}
{"__type":"$$EventMessageWorkflow","id":"a073997f-9a97-4214-a7bc-7a854db9e80a","ts":"2025-04-13T14:13:26.915-04:00","eventName":"n8n.workflow.success","message":"n8n.workflow.success","payload":{"executionId":"33","success":true,"isManual":true,"workflowId":"fAhkGDXMDHnpaHKt","workflowName":"Guardar en google sheets"}}
{"__type":"$$EventMessageConfirm","confirm":"a073997f-9a97-4214-a7bc-7a854db9e80a","ts":"2025-04-13T14:13:26.915-04:00","source":{"id":"0","name":"eventBus"}}
{"__type":"$$EventMessageAudit","id":"507b3684-de00-4885-9438-2381666b6b7d","ts":"2025-04-13T14:16:43.216-04:00","eventName":"n8n.audit.workflow.updated","message":"n8n.audit.workflow.updated","payload":{"userId":"50ecd661-bf68-4edd-9638-827720050128","_email":"frferrari@itba.edu.ar","_firstName":"Franco","_lastName":"Ferrari","globalRole":"global:owner","workflowId":"fAhkGDXMDHnpaHKt","workflowName":"Guardar en google sheets"}}
{"__type":"$$EventMessageConfirm","confirm":"507b3684-de00-4885-9438-2381666b6b7d","ts":"2025-04-13T14:16:43.216-04:00","source":{"id":"0","name":"eventBus"}}
