{"__type":"$$EventMessageWorkflow","id":"04fd66ce-c909-4406-9b8a-116d23ec5bb6","ts":"2025-04-13T14:49:17.789-04:00","eventName":"n8n.workflow.started","message":"n8n.workflow.started","payload":{"executionId":"37","workflowId":"fAhkGDXMDHnpaHKt","isManual":false,"workflowName":"Guardar en google sheets"}}
{"__type":"$$EventMessageConfirm","confirm":"04fd66ce-c909-4406-9b8a-116d23ec5bb6","ts":"2025-04-13T14:49:17.790-04:00","source":{"id":"0","name":"eventBus"}}
{"__type":"$$EventMessageNode","id":"d005f420-1262-45ae-880b-6dee2ec3bca1","ts":"2025-04-13T14:49:17.791-04:00","eventName":"n8n.node.started","message":"n8n.node.started","payload":{"workflowId":"fAhkGDXMDHnpaHKt","workflowName":"Guardar en google sheets","executionId":"37","nodeType":"n8n-nodes-base.webhook","nodeName":"Webhook"}}
{"__type":"$$EventMessageConfirm","confirm":"d005f420-1262-45ae-880b-6dee2ec3bca1","ts":"2025-04-13T14:49:17.791-04:00","source":{"id":"0","name":"eventBus"}}
{"__type":"$$EventMessageNode","id":"929a7f00-4bd9-442e-a258-532074600714","ts":"2025-04-13T14:49:17.792-04:00","eventName":"n8n.node.finished","message":"n8n.node.finished","payload":{"workflowId":"fAhkGDXMDHnpaHKt","workflowName":"Guardar en google sheets","executionId":"37","nodeType":"n8n-nodes-base.webhook","nodeName":"Webhook"}}
{"__type":"$$EventMessageConfirm","confirm":"929a7f00-4bd9-442e-a258-532074600714","ts":"2025-04-13T14:49:17.792-04:00","source":{"id":"0","name":"eventBus"}}
{"__type":"$$EventMessageNode","id":"6bb4c973-e660-4506-96ba-316e2c283ab1","ts":"2025-04-13T14:49:17.793-04:00","eventName":"n8n.node.started","message":"n8n.node.started","payload":{"workflowId":"fAhkGDXMDHnpaHKt","workflowName":"Guardar en google sheets","executionId":"37","nodeType":"n8n-nodes-base.code","nodeName":"Code"}}
{"__type":"$$EventMessageConfirm","confirm":"6bb4c973-e660-4506-96ba-316e2c283ab1","ts":"2025-04-13T14:49:17.793-04:00","source":{"id":"0","name":"eventBus"}}
{"__type":"$$EventMessageNode","id":"07ee22be-e40b-40c4-b7e6-a9bced389323","ts":"2025-04-13T14:49:17.825-04:00","eventName":"n8n.node.finished","message":"n8n.node.finished","payload":{"workflowId":"fAhkGDXMDHnpaHKt","workflowName":"Guardar en google sheets","executionId":"37","nodeType":"n8n-nodes-base.code","nodeName":"Code"}}
{"__type":"$$EventMessageConfirm","confirm":"07ee22be-e40b-40c4-b7e6-a9bced389323","ts":"2025-04-13T14:49:17.825-04:00","source":{"id":"0","name":"eventBus"}}
{"__type":"$$EventMessageWorkflow","id":"5fa75c0d-36c3-4db0-8ecc-365ec751d7cc","ts":"2025-04-13T14:49:17.830-04:00","eventName":"n8n.workflow.failed","message":"n8n.workflow.failed","payload":{"executionId":"37","success":false,"isManual":true,"workflowId":"fAhkGDXMDHnpaHKt","workflowName":"Guardar en google sheets","lastNodeExecuted":"Code","errorNodeType":"n8n-nodes-base.code","errorMessage":"Falta el objeto configData [line 2]"}}
{"__type":"$$EventMessageConfirm","confirm":"5fa75c0d-36c3-4db0-8ecc-365ec751d7cc","ts":"2025-04-13T14:49:17.830-04:00","source":{"id":"0","name":"eventBus"}}
{"__type":"$$EventMessageWorkflow","id":"47b11f16-8c7b-4094-a494-c62441d6b609","ts":"2025-04-13T14:50:50.477-04:00","eventName":"n8n.workflow.started","message":"n8n.workflow.started","payload":{"executionId":"38","workflowId":"fAhkGDXMDHnpaHKt","isManual":false,"workflowName":"Guardar en google sheets"}}
{"__type":"$$EventMessageConfirm","confirm":"47b11f16-8c7b-4094-a494-c62441d6b609","ts":"2025-04-13T14:50:50.477-04:00","source":{"id":"0","name":"eventBus"}}
{"__type":"$$EventMessageNode","id":"441f7616-2ff9-417c-89ea-261e1cf8ebac","ts":"2025-04-13T14:50:50.478-04:00","eventName":"n8n.node.started","message":"n8n.node.started","payload":{"workflowId":"fAhkGDXMDHnpaHKt","workflowName":"Guardar en google sheets","executionId":"38","nodeType":"n8n-nodes-base.webhook","nodeName":"Webhook"}}
{"__type":"$$EventMessageConfirm","confirm":"441f7616-2ff9-417c-89ea-261e1cf8ebac","ts":"2025-04-13T14:50:50.478-04:00","source":{"id":"0","name":"eventBus"}}
{"__type":"$$EventMessageNode","id":"35189b2b-4683-420e-9dd7-9f677fb5e6f3","ts":"2025-04-13T14:50:50.478-04:00","eventName":"n8n.node.finished","message":"n8n.node.finished","payload":{"workflowId":"fAhkGDXMDHnpaHKt","workflowName":"Guardar en google sheets","executionId":"38","nodeType":"n8n-nodes-base.webhook","nodeName":"Webhook"}}
{"__type":"$$EventMessageConfirm","confirm":"35189b2b-4683-420e-9dd7-9f677fb5e6f3","ts":"2025-04-13T14:50:50.478-04:00","source":{"id":"0","name":"eventBus"}}
{"__type":"$$EventMessageNode","id":"f5417372-5d21-4c90-bfde-a435de242d8a","ts":"2025-04-13T14:50:50.479-04:00","eventName":"n8n.node.started","message":"n8n.node.started","payload":{"workflowId":"fAhkGDXMDHnpaHKt","workflowName":"Guardar en google sheets","executionId":"38","nodeType":"n8n-nodes-base.code","nodeName":"Code"}}
{"__type":"$$EventMessageConfirm","confirm":"f5417372-5d21-4c90-bfde-a435de242d8a","ts":"2025-04-13T14:50:50.479-04:00","source":{"id":"0","name":"eventBus"}}
{"__type":"$$EventMessageNode","id":"82103062-afc1-4321-b6bf-523f760d1b36","ts":"2025-04-13T14:50:50.488-04:00","eventName":"n8n.node.finished","message":"n8n.node.finished","payload":{"workflowId":"fAhkGDXMDHnpaHKt","workflowName":"Guardar en google sheets","executionId":"38","nodeType":"n8n-nodes-base.code","nodeName":"Code"}}
{"__type":"$$EventMessageConfirm","confirm":"82103062-afc1-4321-b6bf-523f760d1b36","ts":"2025-04-13T14:50:50.488-04:00","source":{"id":"0","name":"eventBus"}}
{"__type":"$$EventMessageNode","id":"066c18bc-178b-4470-a0da-36fffd9a03d8","ts":"2025-04-13T14:50:50.489-04:00","eventName":"n8n.node.started","message":"n8n.node.started","payload":{"workflowId":"fAhkGDXMDHnpaHKt","workflowName":"Guardar en google sheets","executionId":"38","nodeType":"n8n-nodes-base.googleSheets","nodeName":"Google Sheets"}}
{"__type":"$$EventMessageConfirm","confirm":"066c18bc-178b-4470-a0da-36fffd9a03d8","ts":"2025-04-13T14:50:50.489-04:00","source":{"id":"0","name":"eventBus"}}
{"__type":"$$EventMessageNode","id":"90c93c82-4540-46bf-a488-1d6fa25973f3","ts":"2025-04-13T14:50:51.430-04:00","eventName":"n8n.node.finished","message":"n8n.node.finished","payload":{"workflowId":"fAhkGDXMDHnpaHKt","workflowName":"Guardar en google sheets","executionId":"38","nodeType":"n8n-nodes-base.googleSheets","nodeName":"Google Sheets"}}
{"__type":"$$EventMessageConfirm","confirm":"90c93c82-4540-46bf-a488-1d6fa25973f3","ts":"2025-04-13T14:50:51.430-04:00","source":{"id":"0","name":"eventBus"}}
{"__type":"$$EventMessageWorkflow","id":"4dc3bb68-a67e-464d-8369-3cd98450c91a","ts":"2025-04-13T14:50:51.432-04:00","eventName":"n8n.workflow.failed","message":"n8n.workflow.failed","payload":{"executionId":"38","success":false,"isManual":true,"workflowId":"fAhkGDXMDHnpaHKt","workflowName":"Guardar en google sheets","lastNodeExecuted":"Google Sheets","errorNodeType":"n8n-nodes-base.googleSheets","errorMessage":"Column names were updated after the node's setup"}}
{"__type":"$$EventMessageConfirm","confirm":"4dc3bb68-a67e-464d-8369-3cd98450c91a","ts":"2025-04-13T14:50:51.432-04:00","source":{"id":"0","name":"eventBus"}}
{"__type":"$$EventMessageWorkflow","id":"9fd3c05b-6514-46c4-ac96-f2fcf0f1889e","ts":"2025-04-13T14:59:58.512-04:00","eventName":"n8n.workflow.started","message":"n8n.workflow.started","payload":{"executionId":"39","workflowId":"fAhkGDXMDHnpaHKt","isManual":false,"workflowName":"Guardar en google sheets"}}
{"__type":"$$EventMessageConfirm","confirm":"9fd3c05b-6514-46c4-ac96-f2fcf0f1889e","ts":"2025-04-13T14:59:58.512-04:00","source":{"id":"0","name":"eventBus"}}
{"__type":"$$EventMessageNode","id":"a0111c90-9d33-48e9-a183-a7a5f6dc6b89","ts":"2025-04-13T14:59:58.513-04:00","eventName":"n8n.node.started","message":"n8n.node.started","payload":{"workflowId":"fAhkGDXMDHnpaHKt","workflowName":"Guardar en google sheets","executionId":"39","nodeType":"n8n-nodes-base.webhook","nodeName":"Webhook"}}
{"__type":"$$EventMessageConfirm","confirm":"a0111c90-9d33-48e9-a183-a7a5f6dc6b89","ts":"2025-04-13T14:59:58.513-04:00","source":{"id":"0","name":"eventBus"}}
{"__type":"$$EventMessageNode","id":"5eed891f-ac8f-49a7-b703-836902cf6018","ts":"2025-04-13T14:59:58.514-04:00","eventName":"n8n.node.finished","message":"n8n.node.finished","payload":{"workflowId":"fAhkGDXMDHnpaHKt","workflowName":"Guardar en google sheets","executionId":"39","nodeType":"n8n-nodes-base.webhook","nodeName":"Webhook"}}
{"__type":"$$EventMessageConfirm","confirm":"5eed891f-ac8f-49a7-b703-836902cf6018","ts":"2025-04-13T14:59:58.514-04:00","source":{"id":"0","name":"eventBus"}}
{"__type":"$$EventMessageNode","id":"fd062dfd-73e3-40ef-9acf-7d37b30be043","ts":"2025-04-13T14:59:58.514-04:00","eventName":"n8n.node.started","message":"n8n.node.started","payload":{"workflowId":"fAhkGDXMDHnpaHKt","workflowName":"Guardar en google sheets","executionId":"39","nodeType":"n8n-nodes-base.code","nodeName":"Code"}}
{"__type":"$$EventMessageConfirm","confirm":"fd062dfd-73e3-40ef-9acf-7d37b30be043","ts":"2025-04-13T14:59:58.514-04:00","source":{"id":"0","name":"eventBus"}}
{"__type":"$$EventMessageNode","id":"f6b46bfd-44ad-4cdc-b059-bcd90f4ac87f","ts":"2025-04-13T14:59:58.520-04:00","eventName":"n8n.node.finished","message":"n8n.node.finished","payload":{"workflowId":"fAhkGDXMDHnpaHKt","workflowName":"Guardar en google sheets","executionId":"39","nodeType":"n8n-nodes-base.code","nodeName":"Code"}}
{"__type":"$$EventMessageConfirm","confirm":"f6b46bfd-44ad-4cdc-b059-bcd90f4ac87f","ts":"2025-04-13T14:59:58.520-04:00","source":{"id":"0","name":"eventBus"}}
{"__type":"$$EventMessageNode","id":"33b0e1aa-c689-4712-ab17-87d1cf27601e","ts":"2025-04-13T14:59:58.521-04:00","eventName":"n8n.node.started","message":"n8n.node.started","payload":{"workflowId":"fAhkGDXMDHnpaHKt","workflowName":"Guardar en google sheets","executionId":"39","nodeType":"n8n-nodes-base.googleSheets","nodeName":"Google Sheets"}}
{"__type":"$$EventMessageConfirm","confirm":"33b0e1aa-c689-4712-ab17-87d1cf27601e","ts":"2025-04-13T14:59:58.521-04:00","source":{"id":"0","name":"eventBus"}}
{"__type":"$$EventMessageNode","id":"5f2f54bc-74df-4382-ae23-0492232a185c","ts":"2025-04-13T15:00:00.331-04:00","eventName":"n8n.node.finished","message":"n8n.node.finished","payload":{"workflowId":"fAhkGDXMDHnpaHKt","workflowName":"Guardar en google sheets","executionId":"39","nodeType":"n8n-nodes-base.googleSheets","nodeName":"Google Sheets"}}
{"__type":"$$EventMessageConfirm","confirm":"5f2f54bc-74df-4382-ae23-0492232a185c","ts":"2025-04-13T15:00:00.331-04:00","source":{"id":"0","name":"eventBus"}}
{"__type":"$$EventMessageWorkflow","id":"7dece06c-ddf0-40bd-acc6-5c4e7657641e","ts":"2025-04-13T15:00:00.335-04:00","eventName":"n8n.workflow.success","message":"n8n.workflow.success","payload":{"executionId":"39","success":true,"isManual":true,"workflowId":"fAhkGDXMDHnpaHKt","workflowName":"Guardar en google sheets"}}
{"__type":"$$EventMessageConfirm","confirm":"7dece06c-ddf0-40bd-acc6-5c4e7657641e","ts":"2025-04-13T15:00:00.336-04:00","source":{"id":"0","name":"eventBus"}}
{"__type":"$$EventMessageWorkflow","id":"9893c444-dddc-4133-9f6f-c1d711c40c66","ts":"2025-04-13T15:05:35.246-04:00","eventName":"n8n.workflow.started","message":"n8n.workflow.started","payload":{"executionId":"40","workflowId":"fAhkGDXMDHnpaHKt","isManual":false,"workflowName":"Guardar en google sheets"}}
{"__type":"$$EventMessageConfirm","confirm":"9893c444-dddc-4133-9f6f-c1d711c40c66","ts":"2025-04-13T15:05:35.246-04:00","source":{"id":"0","name":"eventBus"}}
{"__type":"$$EventMessageNode","id":"0b696b29-4aba-4c8e-b330-d6d49e784c68","ts":"2025-04-13T15:05:35.247-04:00","eventName":"n8n.node.started","message":"n8n.node.started","payload":{"workflowId":"fAhkGDXMDHnpaHKt","workflowName":"Guardar en google sheets","executionId":"40","nodeType":"n8n-nodes-base.webhook","nodeName":"Webhook"}}
{"__type":"$$EventMessageConfirm","confirm":"0b696b29-4aba-4c8e-b330-d6d49e784c68","ts":"2025-04-13T15:05:35.247-04:00","source":{"id":"0","name":"eventBus"}}
{"__type":"$$EventMessageNode","id":"d517893a-339f-4f62-9ba8-48850d797c0b","ts":"2025-04-13T15:05:35.248-04:00","eventName":"n8n.node.finished","message":"n8n.node.finished","payload":{"workflowId":"fAhkGDXMDHnpaHKt","workflowName":"Guardar en google sheets","executionId":"40","nodeType":"n8n-nodes-base.webhook","nodeName":"Webhook"}}
{"__type":"$$EventMessageConfirm","confirm":"d517893a-339f-4f62-9ba8-48850d797c0b","ts":"2025-04-13T15:05:35.248-04:00","source":{"id":"0","name":"eventBus"}}
{"__type":"$$EventMessageNode","id":"ab3b86c5-17ef-47f1-b1de-0469e05a2c85","ts":"2025-04-13T15:05:35.248-04:00","eventName":"n8n.node.started","message":"n8n.node.started","payload":{"workflowId":"fAhkGDXMDHnpaHKt","workflowName":"Guardar en google sheets","executionId":"40","nodeType":"n8n-nodes-base.code","nodeName":"Code"}}
{"__type":"$$EventMessageConfirm","confirm":"ab3b86c5-17ef-47f1-b1de-0469e05a2c85","ts":"2025-04-13T15:05:35.248-04:00","source":{"id":"0","name":"eventBus"}}
{"__type":"$$EventMessageNode","id":"610f6107-19f8-40c0-a16c-b11abab9afe5","ts":"2025-04-13T15:05:35.249-04:00","eventName":"n8n.node.finished","message":"n8n.node.finished","payload":{"workflowId":"fAhkGDXMDHnpaHKt","workflowName":"Guardar en google sheets","executionId":"40","nodeType":"n8n-nodes-base.code","nodeName":"Code"}}
{"__type":"$$EventMessageConfirm","confirm":"610f6107-19f8-40c0-a16c-b11abab9afe5","ts":"2025-04-13T15:05:35.249-04:00","source":{"id":"0","name":"eventBus"}}
{"__type":"$$EventMessageNode","id":"dfad4e0a-d262-47af-9e68-292de0c422e6","ts":"2025-04-13T15:05:35.249-04:00","eventName":"n8n.node.started","message":"n8n.node.started","payload":{"workflowId":"fAhkGDXMDHnpaHKt","workflowName":"Guardar en google sheets","executionId":"40","nodeType":"n8n-nodes-base.googleSheets","nodeName":"Google Sheets"}}
{"__type":"$$EventMessageConfirm","confirm":"dfad4e0a-d262-47af-9e68-292de0c422e6","ts":"2025-04-13T15:05:35.249-04:00","source":{"id":"0","name":"eventBus"}}
{"__type":"$$EventMessageNode","id":"caad16b5-d79e-4f12-ae93-440219aa1238","ts":"2025-04-13T15:05:37.137-04:00","eventName":"n8n.node.finished","message":"n8n.node.finished","payload":{"workflowId":"fAhkGDXMDHnpaHKt","workflowName":"Guardar en google sheets","executionId":"40","nodeType":"n8n-nodes-base.googleSheets","nodeName":"Google Sheets"}}
{"__type":"$$EventMessageConfirm","confirm":"caad16b5-d79e-4f12-ae93-440219aa1238","ts":"2025-04-13T15:05:37.137-04:00","source":{"id":"0","name":"eventBus"}}
{"__type":"$$EventMessageWorkflow","id":"e44ab20d-8e27-46e6-8703-ac8141a3773e","ts":"2025-04-13T15:05:37.139-04:00","eventName":"n8n.workflow.success","message":"n8n.workflow.success","payload":{"executionId":"40","success":true,"isManual":true,"workflowId":"fAhkGDXMDHnpaHKt","workflowName":"Guardar en google sheets"}}
{"__type":"$$EventMessageConfirm","confirm":"e44ab20d-8e27-46e6-8703-ac8141a3773e","ts":"2025-04-13T15:05:37.139-04:00","source":{"id":"0","name":"eventBus"}}
{"__type":"$$EventMessageWorkflow","id":"4d1de89f-41c1-4d60-a355-4f6911004e25","ts":"2025-04-13T15:06:59.187-04:00","eventName":"n8n.workflow.started","message":"n8n.workflow.started","payload":{"executionId":"41","workflowId":"fAhkGDXMDHnpaHKt","isManual":false,"workflowName":"Guardar en google sheets"}}
{"__type":"$$EventMessageConfirm","confirm":"4d1de89f-41c1-4d60-a355-4f6911004e25","ts":"2025-04-13T15:06:59.188-04:00","source":{"id":"0","name":"eventBus"}}
{"__type":"$$EventMessageNode","id":"8299f2a7-17d5-49ce-ba21-e322f107f9e5","ts":"2025-04-13T15:06:59.188-04:00","eventName":"n8n.node.started","message":"n8n.node.started","payload":{"workflowId":"fAhkGDXMDHnpaHKt","workflowName":"Guardar en google sheets","executionId":"41","nodeType":"n8n-nodes-base.webhook","nodeName":"Webhook"}}
{"__type":"$$EventMessageConfirm","confirm":"8299f2a7-17d5-49ce-ba21-e322f107f9e5","ts":"2025-04-13T15:06:59.188-04:00","source":{"id":"0","name":"eventBus"}}
{"__type":"$$EventMessageNode","id":"6c84a706-2d0e-4c80-be39-06baef19e535","ts":"2025-04-13T15:06:59.189-04:00","eventName":"n8n.node.finished","message":"n8n.node.finished","payload":{"workflowId":"fAhkGDXMDHnpaHKt","workflowName":"Guardar en google sheets","executionId":"41","nodeType":"n8n-nodes-base.webhook","nodeName":"Webhook"}}
{"__type":"$$EventMessageConfirm","confirm":"6c84a706-2d0e-4c80-be39-06baef19e535","ts":"2025-04-13T15:06:59.189-04:00","source":{"id":"0","name":"eventBus"}}
{"__type":"$$EventMessageNode","id":"e9dec77f-1758-4be6-afcd-a2b28f132a26","ts":"2025-04-13T15:06:59.189-04:00","eventName":"n8n.node.started","message":"n8n.node.started","payload":{"workflowId":"fAhkGDXMDHnpaHKt","workflowName":"Guardar en google sheets","executionId":"41","nodeType":"n8n-nodes-base.googleSheets","nodeName":"Google Sheets"}}
{"__type":"$$EventMessageConfirm","confirm":"e9dec77f-1758-4be6-afcd-a2b28f132a26","ts":"2025-04-13T15:06:59.189-04:00","source":{"id":"0","name":"eventBus"}}
{"__type":"$$EventMessageNode","id":"96c624b8-8a9f-44a7-83ec-53dddc61f23b","ts":"2025-04-13T15:07:00.950-04:00","eventName":"n8n.node.finished","message":"n8n.node.finished","payload":{"workflowId":"fAhkGDXMDHnpaHKt","workflowName":"Guardar en google sheets","executionId":"41","nodeType":"n8n-nodes-base.googleSheets","nodeName":"Google Sheets"}}
{"__type":"$$EventMessageConfirm","confirm":"96c624b8-8a9f-44a7-83ec-53dddc61f23b","ts":"2025-04-13T15:07:00.950-04:00","source":{"id":"0","name":"eventBus"}}
{"__type":"$$EventMessageWorkflow","id":"9d743804-ecdb-4b74-861c-f9179458105e","ts":"2025-04-13T15:07:00.952-04:00","eventName":"n8n.workflow.success","message":"n8n.workflow.success","payload":{"executionId":"41","success":true,"isManual":true,"workflowId":"fAhkGDXMDHnpaHKt","workflowName":"Guardar en google sheets"}}
{"__type":"$$EventMessageConfirm","confirm":"9d743804-ecdb-4b74-861c-f9179458105e","ts":"2025-04-13T15:07:00.952-04:00","source":{"id":"0","name":"eventBus"}}
{"__type":"$$EventMessageWorkflow","id":"6ea16461-9785-42bc-898e-6199bf5c4b77","ts":"2025-04-13T15:08:19.364-04:00","eventName":"n8n.workflow.started","message":"n8n.workflow.started","payload":{"executionId":"42","workflowId":"fAhkGDXMDHnpaHKt","isManual":false,"workflowName":"Guardar en google sheets"}}
{"__type":"$$EventMessageConfirm","confirm":"6ea16461-9785-42bc-898e-6199bf5c4b77","ts":"2025-04-13T15:08:19.364-04:00","source":{"id":"0","name":"eventBus"}}
{"__type":"$$EventMessageNode","id":"2ba7b90b-32fc-43f4-8d16-a4e4541d1eb2","ts":"2025-04-13T15:08:19.364-04:00","eventName":"n8n.node.started","message":"n8n.node.started","payload":{"workflowId":"fAhkGDXMDHnpaHKt","workflowName":"Guardar en google sheets","executionId":"42","nodeType":"n8n-nodes-base.webhook","nodeName":"Webhook"}}
{"__type":"$$EventMessageConfirm","confirm":"2ba7b90b-32fc-43f4-8d16-a4e4541d1eb2","ts":"2025-04-13T15:08:19.364-04:00","source":{"id":"0","name":"eventBus"}}
{"__type":"$$EventMessageNode","id":"267ec1ac-4db8-4bb2-b300-c339ce27ed4a","ts":"2025-04-13T15:08:19.365-04:00","eventName":"n8n.node.finished","message":"n8n.node.finished","payload":{"workflowId":"fAhkGDXMDHnpaHKt","workflowName":"Guardar en google sheets","executionId":"42","nodeType":"n8n-nodes-base.webhook","nodeName":"Webhook"}}
{"__type":"$$EventMessageConfirm","confirm":"267ec1ac-4db8-4bb2-b300-c339ce27ed4a","ts":"2025-04-13T15:08:19.365-04:00","source":{"id":"0","name":"eventBus"}}
{"__type":"$$EventMessageNode","id":"8a07fcc3-1c12-4171-b621-328258722a0e","ts":"2025-04-13T15:08:19.365-04:00","eventName":"n8n.node.started","message":"n8n.node.started","payload":{"workflowId":"fAhkGDXMDHnpaHKt","workflowName":"Guardar en google sheets","executionId":"42","nodeType":"n8n-nodes-base.googleSheets","nodeName":"Google Sheets"}}
{"__type":"$$EventMessageConfirm","confirm":"8a07fcc3-1c12-4171-b621-328258722a0e","ts":"2025-04-13T15:08:19.365-04:00","source":{"id":"0","name":"eventBus"}}
{"__type":"$$EventMessageNode","id":"4e3e1cea-9b97-4e01-b0cc-f14ddf7b111a","ts":"2025-04-13T15:08:21.662-04:00","eventName":"n8n.node.finished","message":"n8n.node.finished","payload":{"workflowId":"fAhkGDXMDHnpaHKt","workflowName":"Guardar en google sheets","executionId":"42","nodeType":"n8n-nodes-base.googleSheets","nodeName":"Google Sheets"}}
{"__type":"$$EventMessageConfirm","confirm":"4e3e1cea-9b97-4e01-b0cc-f14ddf7b111a","ts":"2025-04-13T15:08:21.663-04:00","source":{"id":"0","name":"eventBus"}}
{"__type":"$$EventMessageWorkflow","id":"a5f3f238-2eaa-4c0c-a47b-d48e7745e08e","ts":"2025-04-13T15:08:21.664-04:00","eventName":"n8n.workflow.success","message":"n8n.workflow.success","payload":{"executionId":"42","success":true,"isManual":true,"workflowId":"fAhkGDXMDHnpaHKt","workflowName":"Guardar en google sheets"}}
{"__type":"$$EventMessageConfirm","confirm":"a5f3f238-2eaa-4c0c-a47b-d48e7745e08e","ts":"2025-04-13T15:08:21.664-04:00","source":{"id":"0","name":"eventBus"}}
{"__type":"$$EventMessageWorkflow","id":"3c127d78-1367-4ffa-97cc-4ffe6a8122d5","ts":"2025-04-13T15:11:29.265-04:00","eventName":"n8n.workflow.started","message":"n8n.workflow.started","payload":{"executionId":"43","workflowId":"fAhkGDXMDHnpaHKt","isManual":false,"workflowName":"Guardar en google sheets"}}
{"__type":"$$EventMessageConfirm","confirm":"3c127d78-1367-4ffa-97cc-4ffe6a8122d5","ts":"2025-04-13T15:11:29.265-04:00","source":{"id":"0","name":"eventBus"}}
{"__type":"$$EventMessageNode","id":"7a9f7ba1-e20d-4899-a365-3221dc622c1e","ts":"2025-04-13T15:11:29.265-04:00","eventName":"n8n.node.started","message":"n8n.node.started","payload":{"workflowId":"fAhkGDXMDHnpaHKt","workflowName":"Guardar en google sheets","executionId":"43","nodeType":"n8n-nodes-base.webhook","nodeName":"Webhook"}}
{"__type":"$$EventMessageConfirm","confirm":"7a9f7ba1-e20d-4899-a365-3221dc622c1e","ts":"2025-04-13T15:11:29.265-04:00","source":{"id":"0","name":"eventBus"}}
{"__type":"$$EventMessageNode","id":"79e93af4-03ac-4995-b7f4-f7833b2b03dd","ts":"2025-04-13T15:11:29.265-04:00","eventName":"n8n.node.finished","message":"n8n.node.finished","payload":{"workflowId":"fAhkGDXMDHnpaHKt","workflowName":"Guardar en google sheets","executionId":"43","nodeType":"n8n-nodes-base.webhook","nodeName":"Webhook"}}
{"__type":"$$EventMessageConfirm","confirm":"79e93af4-03ac-4995-b7f4-f7833b2b03dd","ts":"2025-04-13T15:11:29.265-04:00","source":{"id":"0","name":"eventBus"}}
{"__type":"$$EventMessageNode","id":"c3cf0d0b-ee75-4a78-a26c-c721b93a81ea","ts":"2025-04-13T15:11:29.266-04:00","eventName":"n8n.node.started","message":"n8n.node.started","payload":{"workflowId":"fAhkGDXMDHnpaHKt","workflowName":"Guardar en google sheets","executionId":"43","nodeType":"n8n-nodes-base.googleSheets","nodeName":"Google Sheets"}}
{"__type":"$$EventMessageConfirm","confirm":"c3cf0d0b-ee75-4a78-a26c-c721b93a81ea","ts":"2025-04-13T15:11:29.266-04:00","source":{"id":"0","name":"eventBus"}}
{"__type":"$$EventMessageNode","id":"0e72d018-0055-43ed-a9f9-b92328b5923c","ts":"2025-04-13T15:11:31.166-04:00","eventName":"n8n.node.finished","message":"n8n.node.finished","payload":{"workflowId":"fAhkGDXMDHnpaHKt","workflowName":"Guardar en google sheets","executionId":"43","nodeType":"n8n-nodes-base.googleSheets","nodeName":"Google Sheets"}}
{"__type":"$$EventMessageConfirm","confirm":"0e72d018-0055-43ed-a9f9-b92328b5923c","ts":"2025-04-13T15:11:31.166-04:00","source":{"id":"0","name":"eventBus"}}
{"__type":"$$EventMessageWorkflow","id":"92fc59f7-401e-452a-a510-d12177c9504d","ts":"2025-04-13T15:11:31.167-04:00","eventName":"n8n.workflow.success","message":"n8n.workflow.success","payload":{"executionId":"43","success":true,"isManual":true,"workflowId":"fAhkGDXMDHnpaHKt","workflowName":"Guardar en google sheets"}}
{"__type":"$$EventMessageConfirm","confirm":"92fc59f7-401e-452a-a510-d12177c9504d","ts":"2025-04-13T15:11:31.167-04:00","source":{"id":"0","name":"eventBus"}}
{"__type":"$$EventMessageWorkflow","id":"6fe22ed1-17fd-476a-a8dd-917e117222ff","ts":"2025-04-13T15:12:18.630-04:00","eventName":"n8n.workflow.started","message":"n8n.workflow.started","payload":{"executionId":"44","workflowId":"fAhkGDXMDHnpaHKt","isManual":false,"workflowName":"Guardar en google sheets"}}
{"__type":"$$EventMessageConfirm","confirm":"6fe22ed1-17fd-476a-a8dd-917e117222ff","ts":"2025-04-13T15:12:18.630-04:00","source":{"id":"0","name":"eventBus"}}
{"__type":"$$EventMessageNode","id":"167982f3-0ceb-4034-9a2c-a83485e1d018","ts":"2025-04-13T15:12:18.631-04:00","eventName":"n8n.node.started","message":"n8n.node.started","payload":{"workflowId":"fAhkGDXMDHnpaHKt","workflowName":"Guardar en google sheets","executionId":"44","nodeType":"n8n-nodes-base.webhook","nodeName":"Webhook"}}
{"__type":"$$EventMessageConfirm","confirm":"167982f3-0ceb-4034-9a2c-a83485e1d018","ts":"2025-04-13T15:12:18.631-04:00","source":{"id":"0","name":"eventBus"}}
{"__type":"$$EventMessageNode","id":"ce63ef74-8c04-4e15-b0a7-afe21c65662b","ts":"2025-04-13T15:12:18.631-04:00","eventName":"n8n.node.finished","message":"n8n.node.finished","payload":{"workflowId":"fAhkGDXMDHnpaHKt","workflowName":"Guardar en google sheets","executionId":"44","nodeType":"n8n-nodes-base.webhook","nodeName":"Webhook"}}
{"__type":"$$EventMessageConfirm","confirm":"ce63ef74-8c04-4e15-b0a7-afe21c65662b","ts":"2025-04-13T15:12:18.631-04:00","source":{"id":"0","name":"eventBus"}}
{"__type":"$$EventMessageNode","id":"a44b8290-34f8-4542-9f67-a895da4234d6","ts":"2025-04-13T15:12:18.632-04:00","eventName":"n8n.node.started","message":"n8n.node.started","payload":{"workflowId":"fAhkGDXMDHnpaHKt","workflowName":"Guardar en google sheets","executionId":"44","nodeType":"n8n-nodes-base.googleSheets","nodeName":"Google Sheets"}}
{"__type":"$$EventMessageConfirm","confirm":"a44b8290-34f8-4542-9f67-a895da4234d6","ts":"2025-04-13T15:12:18.632-04:00","source":{"id":"0","name":"eventBus"}}
{"__type":"$$EventMessageNode","id":"c9f126b6-bf56-4c6e-84fc-3c8135dd161a","ts":"2025-04-13T15:12:20.324-04:00","eventName":"n8n.node.finished","message":"n8n.node.finished","payload":{"workflowId":"fAhkGDXMDHnpaHKt","workflowName":"Guardar en google sheets","executionId":"44","nodeType":"n8n-nodes-base.googleSheets","nodeName":"Google Sheets"}}
{"__type":"$$EventMessageConfirm","confirm":"c9f126b6-bf56-4c6e-84fc-3c8135dd161a","ts":"2025-04-13T15:12:20.324-04:00","source":{"id":"0","name":"eventBus"}}
{"__type":"$$EventMessageWorkflow","id":"6925e06f-192a-4933-8bda-1ca8674f478d","ts":"2025-04-13T15:12:20.327-04:00","eventName":"n8n.workflow.success","message":"n8n.workflow.success","payload":{"executionId":"44","success":true,"isManual":true,"workflowId":"fAhkGDXMDHnpaHKt","workflowName":"Guardar en google sheets"}}
{"__type":"$$EventMessageConfirm","confirm":"6925e06f-192a-4933-8bda-1ca8674f478d","ts":"2025-04-13T15:12:20.327-04:00","source":{"id":"0","name":"eventBus"}}
{"__type":"$$EventMessageAudit","id":"62a37432-823d-499a-8378-af871f4d7ea1","ts":"2025-04-13T15:12:51.874-04:00","eventName":"n8n.audit.workflow.updated","message":"n8n.audit.workflow.updated","payload":{"userId":"50ecd661-bf68-4edd-9638-827720050128","_email":"frferrari@itba.edu.ar","_firstName":"Franco","_lastName":"Ferrari","globalRole":"global:owner","workflowId":"fAhkGDXMDHnpaHKt","workflowName":"Guardar en google sheets"}}
{"__type":"$$EventMessageConfirm","confirm":"62a37432-823d-499a-8378-af871f4d7ea1","ts":"2025-04-13T15:12:51.875-04:00","source":{"id":"0","name":"eventBus"}}
