{"__type":"$$EventMessageWorkflow","id":"0d44d55d-fb2a-49f2-923c-8a9190fe7773","ts":"2025-04-13T14:24:22.563-04:00","eventName":"n8n.workflow.started","message":"n8n.workflow.started","payload":{"executionId":"34","workflowId":"ICtR09oSwldD4k2d","isManual":false,"workflowName":"My workflow"}}
{"__type":"$$EventMessageConfirm","confirm":"0d44d55d-fb2a-49f2-923c-8a9190fe7773","ts":"2025-04-13T14:24:22.563-04:00","source":{"id":"0","name":"eventBus"}}
{"__type":"$$EventMessageNode","id":"9754e86e-2b9d-4d71-b49e-15fcd8a5934f","ts":"2025-04-13T14:24:22.564-04:00","eventName":"n8n.node.started","message":"n8n.node.started","payload":{"workflowId":"ICtR09oSwldD4k2d","workflowName":"My workflow","executionId":"34","nodeType":"n8n-nodes-base.webhook","nodeName":"Webhook"}}
{"__type":"$$EventMessageConfirm","confirm":"9754e86e-2b9d-4d71-b49e-15fcd8a5934f","ts":"2025-04-13T14:24:22.564-04:00","source":{"id":"0","name":"eventBus"}}
{"__type":"$$EventMessageNode","id":"95d96b2f-7e31-4315-9e2b-7ec2693a7ffa","ts":"2025-04-13T14:24:22.565-04:00","eventName":"n8n.node.finished","message":"n8n.node.finished","payload":{"workflowId":"ICtR09oSwldD4k2d","workflowName":"My workflow","executionId":"34","nodeType":"n8n-nodes-base.webhook","nodeName":"Webhook"}}
{"__type":"$$EventMessageConfirm","confirm":"95d96b2f-7e31-4315-9e2b-7ec2693a7ffa","ts":"2025-04-13T14:24:22.565-04:00","source":{"id":"0","name":"eventBus"}}
{"__type":"$$EventMessageWorkflow","id":"81536a10-6724-4682-a683-7d1ffb1ed8ac","ts":"2025-04-13T14:24:22.565-04:00","eventName":"n8n.workflow.success","message":"n8n.workflow.success","payload":{"executionId":"34","success":true,"isManual":false,"workflowId":"ICtR09oSwldD4k2d","workflowName":"My workflow"}}
{"__type":"$$EventMessageConfirm","confirm":"81536a10-6724-4682-a683-7d1ffb1ed8ac","ts":"2025-04-13T14:24:22.566-04:00","source":{"id":"0","name":"eventBus"}}
{"__type":"$$EventMessageWorkflow","id":"e9fab3ef-5dad-453f-aeb6-d5acd0b03868","ts":"2025-04-13T14:26:19.821-04:00","eventName":"n8n.workflow.started","message":"n8n.workflow.started","payload":{"executionId":"35","workflowId":"ICtR09oSwldD4k2d","isManual":false,"workflowName":"My workflow"}}
{"__type":"$$EventMessageConfirm","confirm":"e9fab3ef-5dad-453f-aeb6-d5acd0b03868","ts":"2025-04-13T14:26:19.821-04:00","source":{"id":"0","name":"eventBus"}}
{"__type":"$$EventMessageNode","id":"78557df7-fe46-4fb7-83d9-f5d0ea42cd7a","ts":"2025-04-13T14:26:19.821-04:00","eventName":"n8n.node.started","message":"n8n.node.started","payload":{"workflowId":"ICtR09oSwldD4k2d","workflowName":"My workflow","executionId":"35","nodeType":"n8n-nodes-base.webhook","nodeName":"Webhook"}}
{"__type":"$$EventMessageConfirm","confirm":"78557df7-fe46-4fb7-83d9-f5d0ea42cd7a","ts":"2025-04-13T14:26:19.821-04:00","source":{"id":"0","name":"eventBus"}}
{"__type":"$$EventMessageNode","id":"126ac6e1-d336-4301-b3cb-9c4d01e1760f","ts":"2025-04-13T14:26:19.822-04:00","eventName":"n8n.node.finished","message":"n8n.node.finished","payload":{"workflowId":"ICtR09oSwldD4k2d","workflowName":"My workflow","executionId":"35","nodeType":"n8n-nodes-base.webhook","nodeName":"Webhook"}}
{"__type":"$$EventMessageConfirm","confirm":"126ac6e1-d336-4301-b3cb-9c4d01e1760f","ts":"2025-04-13T14:26:19.822-04:00","source":{"id":"0","name":"eventBus"}}
{"__type":"$$EventMessageWorkflow","id":"f0e1ab6b-0d57-4e2a-ad81-c1c840f8d9b1","ts":"2025-04-13T14:26:19.822-04:00","eventName":"n8n.workflow.success","message":"n8n.workflow.success","payload":{"executionId":"35","success":true,"isManual":false,"workflowId":"ICtR09oSwldD4k2d","workflowName":"My workflow"}}
{"__type":"$$EventMessageConfirm","confirm":"f0e1ab6b-0d57-4e2a-ad81-c1c840f8d9b1","ts":"2025-04-13T14:26:19.822-04:00","source":{"id":"0","name":"eventBus"}}
{"__type":"$$EventMessageWorkflow","id":"ef4a63be-8757-46d6-8db8-5065cb003b80","ts":"2025-04-13T14:29:21.319-04:00","eventName":"n8n.workflow.started","message":"n8n.workflow.started","payload":{"executionId":"36","workflowId":"fAhkGDXMDHnpaHKt","isManual":false,"workflowName":"Guardar en google sheets"}}
{"__type":"$$EventMessageConfirm","confirm":"ef4a63be-8757-46d6-8db8-5065cb003b80","ts":"2025-04-13T14:29:21.319-04:00","source":{"id":"0","name":"eventBus"}}
{"__type":"$$EventMessageNode","id":"dc3c112e-945b-4bf0-b3ba-ec82fb00f938","ts":"2025-04-13T14:29:21.320-04:00","eventName":"n8n.node.started","message":"n8n.node.started","payload":{"workflowId":"fAhkGDXMDHnpaHKt","workflowName":"Guardar en google sheets","executionId":"36","nodeType":"n8n-nodes-base.webhook","nodeName":"Webhook"}}
{"__type":"$$EventMessageConfirm","confirm":"dc3c112e-945b-4bf0-b3ba-ec82fb00f938","ts":"2025-04-13T14:29:21.321-04:00","source":{"id":"0","name":"eventBus"}}
{"__type":"$$EventMessageNode","id":"ec3d3d2e-f00e-4684-9c33-e773a0fe4db5","ts":"2025-04-13T14:29:21.323-04:00","eventName":"n8n.node.finished","message":"n8n.node.finished","payload":{"workflowId":"fAhkGDXMDHnpaHKt","workflowName":"Guardar en google sheets","executionId":"36","nodeType":"n8n-nodes-base.webhook","nodeName":"Webhook"}}
{"__type":"$$EventMessageConfirm","confirm":"ec3d3d2e-f00e-4684-9c33-e773a0fe4db5","ts":"2025-04-13T14:29:21.323-04:00","source":{"id":"0","name":"eventBus"}}
{"__type":"$$EventMessageNode","id":"5e9f41b8-fe55-4bf2-b8e9-f422e7c7bcdf","ts":"2025-04-13T14:29:21.324-04:00","eventName":"n8n.node.started","message":"n8n.node.started","payload":{"workflowId":"fAhkGDXMDHnpaHKt","workflowName":"Guardar en google sheets","executionId":"36","nodeType":"n8n-nodes-base.googleSheets","nodeName":"Google Sheets"}}
{"__type":"$$EventMessageConfirm","confirm":"5e9f41b8-fe55-4bf2-b8e9-f422e7c7bcdf","ts":"2025-04-13T14:29:21.324-04:00","source":{"id":"0","name":"eventBus"}}
{"__type":"$$EventMessageNode","id":"ec43ee6a-8a2b-4ba9-b4b1-178c8b208268","ts":"2025-04-13T14:29:23.885-04:00","eventName":"n8n.node.finished","message":"n8n.node.finished","payload":{"workflowId":"fAhkGDXMDHnpaHKt","workflowName":"Guardar en google sheets","executionId":"36","nodeType":"n8n-nodes-base.googleSheets","nodeName":"Google Sheets"}}
{"__type":"$$EventMessageConfirm","confirm":"ec43ee6a-8a2b-4ba9-b4b1-178c8b208268","ts":"2025-04-13T14:29:23.886-04:00","source":{"id":"0","name":"eventBus"}}
{"__type":"$$EventMessageWorkflow","id":"30992d97-e927-44db-acc8-9a35e8a49d19","ts":"2025-04-13T14:29:23.900-04:00","eventName":"n8n.workflow.success","message":"n8n.workflow.success","payload":{"executionId":"36","success":true,"isManual":true,"workflowId":"fAhkGDXMDHnpaHKt","workflowName":"Guardar en google sheets"}}
{"__type":"$$EventMessageConfirm","confirm":"30992d97-e927-44db-acc8-9a35e8a49d19","ts":"2025-04-13T14:29:23.901-04:00","source":{"id":"0","name":"eventBus"}}
